[2024-09-01 20:20:24,198] multiqc                                            [DEBUG  ]  This is MultiQC v1.19
[2024-09-01 20:20:24,217] multiqc                                            [DEBUG  ]  Loading config settings from: multiqc_config.yml
[2024-09-01 20:20:24,218] multiqc                                            [DEBUG  ]  New config: {'report_comment': 'This report has been generated by the <a href="https://github.com/nf-core/rnaseq/releases/tag/3.14.0" target="_blank">nf-core/rnaseq</a> analysis pipeline. For information about how to interpret these results, please see the <a href="https://nf-co.re/rnaseq/3.14.0/docs/output" target="_blank">documentation</a>.\n', 'report_section_order': {'nf-core-rnaseq-methods-description': {'order': -1000}, 'software_versions': {'order': -1001}, 'nf-core-rnaseq-summary': {'order': -1002}}, 'export_plots': True, 'disable_version_detection': True, 'run_modules': ['custom_content', 'fastqc', 'cutadapt', 'fastp', 'sortmerna', 'star', 'hisat2', 'rsem', 'salmon', 'kallisto', 'samtools', 'picard', 'preseq', 'rseqc', 'qualimap'], 'top_modules': ['fail_trimmed_samples', 'fail_mapped_samples', 'fail_strand_check', 'star_rsem_deseq2_pca', 'star_rsem_deseq2_clustering', 'star_salmon_deseq2_pca', 'star_salmon_deseq2_clustering', 'salmon_deseq2_pca', 'salmon_deseq2_clustering', 'biotype_counts', 'dupradar'], 'module_order': [{'fastqc': {'name': 'FastQC (raw)', 'info': 'This section of the report shows FastQC results before adapter trimming.', 'path_filters': ['./fastqc/raw/*.zip']}}, 'cutadapt', 'fastp', {'fastqc': {'name': 'FastQC (trimmed)', 'info': 'This section of the report shows FastQC results after adapter trimming.', 'path_filters': ['./fastqc/trim/*.zip']}}], 'table_columns_visible': {'fastqc': {'percent_duplicates': False}}, 'custom_data': {'fail_trimmed_samples': {'section_name': 'WARNING: Fail Trimming Check', 'description': "List of samples that failed the minimum trimmed reads threshold specified via the '--min_trimmed_reads' parameter, and hence were ignored for the downstream processing steps.", 'plot_type': 'table', 'pconfig': {'id': 'fail_trimmed_samples_table', 'table_title': 'Samples failed trimming threshold', 'namespace': 'Samples failed trimming threshold', 'format': '{:.0f}'}}, 'fail_mapped_samples': {'section_name': 'WARNING: Fail Alignment Check', 'description': "List of samples that failed the STAR minimum mapped reads threshold specified via the '--min_mapped_reads' parameter, and hence were ignored for the downstream processing steps.", 'plot_type': 'table', 'pconfig': {'id': 'fail_mapped_samples_table', 'table_title': 'Samples failed mapping threshold', 'namespace': 'Samples failed mapping threshold', 'format': '{:.2f}'}}, 'fail_strand_check': {'section_name': 'WARNING: Fail Strand Check', 'description': "List of samples that failed the strandedness check between that provided in the samplesheet and calculated by the <a href='http://rseqc.sourceforge.net/#infer-experiment-py'>RSeQC infer_experiment.py</a> tool.", 'plot_type': 'table', 'pconfig': {'id': 'fail_strand_check_table', 'table_title': 'Samples failed strandedness check', 'namespace': 'Samples failed strandedness check', 'format': '{:.2f}'}}}}
[2024-09-01 20:20:24,218] multiqc                                            [DEBUG  ]  Added to filename patterns: [{'cutadapt': {'fn': '*trimming_report.txt'}, 'fastp': {'fn': '*.fastp.json'}, 'sortmerna': {'fn': '*.sortmerna.log'}, 'hisat2': {'fn': '*.hisat2.summary.log'}, 'salmon/meta': {'fn': 'meta_info.json'}, 'preseq': {'fn': '*.lc_extrap.txt'}, 'samtools/stats': {'fn': '*.stats'}, 'samtools/flagstat': {'fn': '*.flagstat'}, 'samtools/idxstats': {'fn': '*.idxstats*'}, 'rseqc/bam_stat': {'fn': '*.bam_stat.txt'}, 'rseqc/gene_body_coverage': {'skip': True}, 'rseqc/junction_annotation': {'fn': '*.junction_annotation.log'}, 'rseqc/read_gc': {'skip': True}, 'rseqc/read_distribution': {'fn': '*.read_distribution.txt'}, 'rseqc/infer_experiment': {'fn': '*.infer_experiment.txt'}, 'rseqc/tin': {'fn': '*.summary.txt'}, 'picard/markdups': {'fn': '*.MarkDuplicates.metrics.txt'}, 'picard/alignment_metrics': {'skip': True}, 'picard/basedistributionbycycle': {'skip': True}, 'picard/gcbias': {'skip': True}, 'picard/hsmetrics': {'skip': True}, 'picard/insertsize': {'skip': True}, 'picard/oxogmetrics': {'skip': True}, 'picard/pcr_metrics': {'skip': True}, 'picard/quality_by_cycle': {'skip': True}, 'picard/quality_score_distribution': {'skip': True}, 'picard/quality_yield_metrics': {'skip': True}, 'picard/rnaseqmetrics': {'skip': True}, 'picard/rrbs_metrics': {'skip': True}, 'picard/sam_file_validation': {'skip': True}, 'picard/variant_calling_metrics': {'skip': True}, 'picard/wgs_metrics': {'skip': True}}]
[2024-09-01 20:20:24,218] multiqc                                            [DEBUG  ]  Added to filename clean extensions: [['.umi_dedup', '_val', '.markdup', '_primary']]
[2024-09-01 20:20:24,218] multiqc                                            [DEBUG  ]  Command used: /usr/local/bin/multiqc -n multiqc_report.html -f .
[2024-09-01 20:20:24,489] multiqc                                            [WARNING]  MultiQC Version v1.24.1 now available!
[2024-09-01 20:20:24,489] multiqc                                            [DEBUG  ]  Working dir : /scratch/antwerpen/203/vsc20380/work/ae/7b8e940804b8fe32592c273f723604
[2024-09-01 20:20:24,489] multiqc                                            [DEBUG  ]  Template    : default
[2024-09-01 20:20:24,489] multiqc                                            [DEBUG  ]  Running Python 3.11.7 | packaged by conda-forge | (main, Dec 15 2023, 08:38:37) [GCC 12.3.0]
[2024-09-01 20:20:24,489] multiqc                                            [INFO   ]  Only using modules: custom_content, fastqc, cutadapt, fastp, sortmerna, star, hisat2, rsem, salmon, kallisto, samtools, picard, preseq, rseqc, qualimap
[2024-09-01 20:20:24,489] multiqc                                            [DEBUG  ]  Analysing modules: custom_content, hisat2, kallisto, picard, preseq, qualimap, rsem, rseqc, salmon, samtools, sortmerna, star, fastqc, cutadapt, fastp, fastqc
[2024-09-01 20:20:24,490] multiqc                                            [DEBUG  ]  Using temporary directory for creating report: /tmp/tmpwoei7aqg
[2024-09-01 20:20:24,493] multiqc                                            [INFO   ]  Search path : /scratch/antwerpen/203/vsc20380/work/ae/7b8e940804b8fe32592c273f723604
[2024-09-01 20:20:24,494] multiqc                                            [DEBUG  ]  Ignored 256 search patterns as didn't match running modules.
[2024-09-01 20:20:24,494] multiqc                                            [INFO   ]  Skipping 17 file search patterns
[2024-09-01 20:20:24,494] multiqc                                            [DEBUG  ]  Skipping search patterns: picard/alignment_metrics, picard/basedistributionbycycle, picard/gcbias, picard/hsmetrics, picard/insertsize, picard/oxogmetrics, picard/pcr_metrics, picard/quality_by_cycle, picard/quality_score_distribution, picard/quality_yield_metrics, picard/rnaseqmetrics, picard/rrbs_metrics, picard/sam_file_validation, picard/variant_calling_metrics, picard/wgs_metrics, rseqc/gene_body_coverage, rseqc/read_gc
[2024-09-01 20:20:31,445] multiqc                                            [DEBUG  ]  Summary of files that were skipped by the search: [skipped_no_match: 520]
[2024-09-01 20:20:32,638] multiqc.plots.bargraph                             [DEBUG  ]  Using matplotlib version 3.8.2
[2024-09-01 20:20:32,646] multiqc.plots.linegraph                            [DEBUG  ]  Using matplotlib version 3.8.2
[2024-09-01 20:20:33,569] multiqc.modules.custom_content.custom_content      [INFO   ]  nf-core-rnaseq-methods-description: Found 1 sample (html)
[2024-09-01 20:20:33,570] multiqc.modules.custom_content.custom_content      [INFO   ]  nf-core-rnaseq-summary: Found 1 sample (html)
[2024-09-01 20:20:33,570] multiqc.modules.custom_content.custom_content      [INFO   ]  software_versions: Found 1 sample (html)
[2024-09-01 20:20:33,570] multiqc.modules.custom_content.custom_content      [INFO   ]  DupInt: Found 16 General Statistics columns
[2024-09-01 20:20:42,130] multiqc.modules.custom_content.custom_content      [INFO   ]  dupradar: Found 16 samples (linegraph)
[2024-09-01 20:20:42,130] multiqc                                            [DEBUG  ]  multiqc_star_salmon_deseq2_clustering-plot could not be saved as tsv/csv. Falling back to YAML.
[2024-09-01 20:20:42,138] multiqc.modules.custom_content.custom_content      [INFO   ]  star_salmon_deseq2_clustering: Found 16 samples (heatmap)
[2024-09-01 20:20:42,138] multiqc.modules.custom_content.custom_content      [INFO   ]  star_salmon_deseq2_pca: Found 16 samples (scatter)
[2024-09-01 20:20:45,589] multiqc.modules.picard.picard                      [INFO   ]  Found 16 MarkDuplicates reports
[2024-09-01 20:20:50,811] multiqc.modules.qualimap.qualimap                  [INFO   ]  Found 16 RNASeq reports
[2024-09-01 20:20:54,718] multiqc.modules.rseqc.rseqc                        [INFO   ]  Found 16 read_distribution reports
[2024-09-01 20:20:56,795] multiqc.modules.rseqc.rseqc                        [INFO   ]  Found 16 inner_distance reports
[2024-09-01 20:20:59,217] multiqc.modules.rseqc.rseqc                        [INFO   ]  Found 16 read_duplication reports
[2024-09-01 20:21:04,059] multiqc.modules.rseqc.rseqc                        [INFO   ]  Found 16 junction_annotation reports
[2024-09-01 20:21:07,002] multiqc.modules.rseqc.rseqc                        [INFO   ]  Found 16 junction_saturation reports
[2024-09-01 20:21:08,479] multiqc.modules.rseqc.rseqc                        [INFO   ]  Found 16 infer_experiment reports
[2024-09-01 20:21:08,778] multiqc.modules.rseqc.rseqc                        [INFO   ]  Found 16 bam_stat reports
[2024-09-01 20:21:11,640] multiqc.modules.samtools.samtools                  [INFO   ]  Found 16 stats reports
[2024-09-01 20:21:11,897] multiqc.modules.samtools.samtools                  [INFO   ]  Found 16 flagstat reports
[2024-09-01 20:21:19,812] multiqc.modules.samtools.samtools                  [INFO   ]  Found 16 idxstats reports
[2024-09-01 20:21:20,168] multiqc.modules.star.star                          [INFO   ]  Found 16 reports
[2024-09-01 20:21:22,858] multiqc.modules.base_module                        [DEBUG  ]  fastqc/zip - Skipping './fastqc/trim/104974-001-003_S1_L001_1_val_1_fastqc.zip' as it didn't match the path_filters for 'FastQC (raw)'
[2024-09-01 20:21:22,858] multiqc.modules.base_module                        [DEBUG  ]  fastqc/zip - Skipping './fastqc/trim/104974-001-008_S1_L001_2_val_2_fastqc.zip' as it didn't match the path_filters for 'FastQC (raw)'
[2024-09-01 20:21:22,858] multiqc.modules.base_module                        [DEBUG  ]  fastqc/zip - Skipping './fastqc/trim/104974-001-004_S1_L001_2_val_2_fastqc.zip' as it didn't match the path_filters for 'FastQC (raw)'
[2024-09-01 20:21:22,858] multiqc.modules.base_module                        [DEBUG  ]  fastqc/zip - Skipping './fastqc/trim/104974-001-011_S1_L001_1_val_1_fastqc.zip' as it didn't match the path_filters for 'FastQC (raw)'
[2024-09-01 20:21:22,858] multiqc.modules.base_module                        [DEBUG  ]  fastqc/zip - Skipping './fastqc/trim/104974-001-001_S1_L001_2_val_2_fastqc.zip' as it didn't match the path_filters for 'FastQC (raw)'
[2024-09-01 20:21:22,859] multiqc.modules.base_module                        [DEBUG  ]  fastqc/zip - Skipping './fastqc/trim/104974-001-012_S1_L001_2_val_2_fastqc.zip' as it didn't match the path_filters for 'FastQC (raw)'
[2024-09-01 20:21:22,859] multiqc.modules.base_module                        [DEBUG  ]  fastqc/zip - Skipping './fastqc/trim/104974-001-006_S1_L001_1_val_1_fastqc.zip' as it didn't match the path_filters for 'FastQC (raw)'
[2024-09-01 20:21:22,859] multiqc.modules.base_module                        [DEBUG  ]  fastqc/zip - Skipping './fastqc/trim/104974-001-007_S1_L001_1_val_1_fastqc.zip' as it didn't match the path_filters for 'FastQC (raw)'
[2024-09-01 20:21:22,859] multiqc.modules.base_module                        [DEBUG  ]  fastqc/zip - Skipping './fastqc/trim/104974-001-002_S1_L001_1_val_1_fastqc.zip' as it didn't match the path_filters for 'FastQC (raw)'
[2024-09-01 20:21:22,859] multiqc.modules.base_module                        [DEBUG  ]  fastqc/zip - Skipping './fastqc/trim/104974-001-007_S1_L001_2_val_2_fastqc.zip' as it didn't match the path_filters for 'FastQC (raw)'
[2024-09-01 20:21:22,859] multiqc.modules.base_module                        [DEBUG  ]  fastqc/zip - Skipping './fastqc/trim/104974-001-015_S1_L001_2_val_2_fastqc.zip' as it didn't match the path_filters for 'FastQC (raw)'
[2024-09-01 20:21:22,859] multiqc.modules.base_module                        [DEBUG  ]  fastqc/zip - Skipping './fastqc/trim/104974-001-014_S1_L001_1_val_1_fastqc.zip' as it didn't match the path_filters for 'FastQC (raw)'
[2024-09-01 20:21:22,859] multiqc.modules.base_module                        [DEBUG  ]  fastqc/zip - Skipping './fastqc/trim/104974-001-015_S1_L001_1_val_1_fastqc.zip' as it didn't match the path_filters for 'FastQC (raw)'
[2024-09-01 20:21:22,859] multiqc.modules.base_module                        [DEBUG  ]  fastqc/zip - Skipping './fastqc/trim/104974-001-004_S1_L001_1_val_1_fastqc.zip' as it didn't match the path_filters for 'FastQC (raw)'
[2024-09-01 20:21:22,859] multiqc.modules.base_module                        [DEBUG  ]  fastqc/zip - Skipping './fastqc/trim/104974-001-005_S1_L001_2_val_2_fastqc.zip' as it didn't match the path_filters for 'FastQC (raw)'
[2024-09-01 20:21:22,859] multiqc.modules.base_module                        [DEBUG  ]  fastqc/zip - Skipping './fastqc/trim/104974-001-016_S1_L001_2_val_2_fastqc.zip' as it didn't match the path_filters for 'FastQC (raw)'
[2024-09-01 20:21:22,859] multiqc.modules.base_module                        [DEBUG  ]  fastqc/zip - Skipping './fastqc/trim/104974-001-014_S1_L001_2_val_2_fastqc.zip' as it didn't match the path_filters for 'FastQC (raw)'
[2024-09-01 20:21:22,859] multiqc.modules.base_module                        [DEBUG  ]  fastqc/zip - Skipping './fastqc/trim/104974-001-008_S1_L001_1_val_1_fastqc.zip' as it didn't match the path_filters for 'FastQC (raw)'
[2024-09-01 20:21:22,859] multiqc.modules.base_module                        [DEBUG  ]  fastqc/zip - Skipping './fastqc/trim/104974-001-005_S1_L001_1_val_1_fastqc.zip' as it didn't match the path_filters for 'FastQC (raw)'
[2024-09-01 20:21:22,859] multiqc.modules.base_module                        [DEBUG  ]  fastqc/zip - Skipping './fastqc/trim/104974-001-016_S1_L001_1_val_1_fastqc.zip' as it didn't match the path_filters for 'FastQC (raw)'
[2024-09-01 20:21:22,859] multiqc.modules.base_module                        [DEBUG  ]  fastqc/zip - Skipping './fastqc/trim/104974-001-006_S1_L001_2_val_2_fastqc.zip' as it didn't match the path_filters for 'FastQC (raw)'
[2024-09-01 20:21:22,859] multiqc.modules.base_module                        [DEBUG  ]  fastqc/zip - Skipping './fastqc/trim/104974-001-002_S1_L001_2_val_2_fastqc.zip' as it didn't match the path_filters for 'FastQC (raw)'
[2024-09-01 20:21:22,859] multiqc.modules.base_module                        [DEBUG  ]  fastqc/zip - Skipping './fastqc/trim/104974-001-013_S1_L001_1_val_1_fastqc.zip' as it didn't match the path_filters for 'FastQC (raw)'
[2024-09-01 20:21:22,859] multiqc.modules.base_module                        [DEBUG  ]  fastqc/zip - Skipping './fastqc/trim/104974-001-003_S1_L001_2_val_2_fastqc.zip' as it didn't match the path_filters for 'FastQC (raw)'
[2024-09-01 20:21:22,859] multiqc.modules.base_module                        [DEBUG  ]  fastqc/zip - Skipping './fastqc/trim/104974-001-012_S1_L001_1_val_1_fastqc.zip' as it didn't match the path_filters for 'FastQC (raw)'
[2024-09-01 20:21:22,859] multiqc.modules.base_module                        [DEBUG  ]  fastqc/zip - Skipping './fastqc/trim/104974-001-001_S1_L001_1_val_1_fastqc.zip' as it didn't match the path_filters for 'FastQC (raw)'
[2024-09-01 20:21:22,859] multiqc.modules.base_module                        [DEBUG  ]  fastqc/zip - Skipping './fastqc/trim/104974-001-013_S1_L001_2_val_2_fastqc.zip' as it didn't match the path_filters for 'FastQC (raw)'
[2024-09-01 20:21:22,859] multiqc.modules.base_module                        [DEBUG  ]  fastqc/zip - Skipping './fastqc/trim/104974-001-010_S1_L001_1_val_1_fastqc.zip' as it didn't match the path_filters for 'FastQC (raw)'
[2024-09-01 20:21:22,859] multiqc.modules.base_module                        [DEBUG  ]  fastqc/zip - Skipping './fastqc/trim/104974-001-009_S1_L001_2_val_2_fastqc.zip' as it didn't match the path_filters for 'FastQC (raw)'
[2024-09-01 20:21:22,860] multiqc.modules.base_module                        [DEBUG  ]  fastqc/zip - Skipping './fastqc/trim/104974-001-010_S1_L001_2_val_2_fastqc.zip' as it didn't match the path_filters for 'FastQC (raw)'
[2024-09-01 20:21:22,860] multiqc.modules.base_module                        [DEBUG  ]  fastqc/zip - Skipping './fastqc/trim/104974-001-011_S1_L001_2_val_2_fastqc.zip' as it didn't match the path_filters for 'FastQC (raw)'
[2024-09-01 20:21:22,860] multiqc.modules.base_module                        [DEBUG  ]  fastqc/zip - Skipping './fastqc/trim/104974-001-009_S1_L001_1_val_1_fastqc.zip' as it didn't match the path_filters for 'FastQC (raw)'
[2024-09-01 20:21:22,860] multiqc.modules.base_module                        [DEBUG  ]  fastqc/zip - Selecting './fastqc/raw/104974-001-014_S1_L001_1_fastqc.zip' as it matched the path_filters for 'FastQC (raw)'
[2024-09-01 20:21:22,992] multiqc.modules.base_module                        [DEBUG  ]  fastqc/zip - Selecting './fastqc/raw/104974-001-015_S1_L001_1_fastqc.zip' as it matched the path_filters for 'FastQC (raw)'
[2024-09-01 20:21:23,119] multiqc.modules.base_module                        [DEBUG  ]  fastqc/zip - Selecting './fastqc/raw/104974-001-014_S1_L001_2_fastqc.zip' as it matched the path_filters for 'FastQC (raw)'
[2024-09-01 20:21:23,259] multiqc.modules.base_module                        [DEBUG  ]  fastqc/zip - Selecting './fastqc/raw/104974-001-012_S1_L001_1_fastqc.zip' as it matched the path_filters for 'FastQC (raw)'
[2024-09-01 20:21:23,393] multiqc.modules.base_module                        [DEBUG  ]  fastqc/zip - Selecting './fastqc/raw/104974-001-013_S1_L001_2_fastqc.zip' as it matched the path_filters for 'FastQC (raw)'
[2024-09-01 20:21:23,524] multiqc.modules.base_module                        [DEBUG  ]  fastqc/zip - Selecting './fastqc/raw/104974-001-013_S1_L001_1_fastqc.zip' as it matched the path_filters for 'FastQC (raw)'
[2024-09-01 20:21:23,652] multiqc.modules.base_module                        [DEBUG  ]  fastqc/zip - Selecting './fastqc/raw/104974-001-012_S1_L001_2_fastqc.zip' as it matched the path_filters for 'FastQC (raw)'
[2024-09-01 20:21:23,782] multiqc.modules.base_module                        [DEBUG  ]  fastqc/zip - Selecting './fastqc/raw/104974-001-009_S1_L001_1_fastqc.zip' as it matched the path_filters for 'FastQC (raw)'
[2024-09-01 20:21:23,914] multiqc.modules.base_module                        [DEBUG  ]  fastqc/zip - Selecting './fastqc/raw/104974-001-003_S1_L001_2_fastqc.zip' as it matched the path_filters for 'FastQC (raw)'
[2024-09-01 20:21:24,053] multiqc.modules.base_module                        [DEBUG  ]  fastqc/zip - Selecting './fastqc/raw/104974-001-001_S1_L001_2_fastqc.zip' as it matched the path_filters for 'FastQC (raw)'
[2024-09-01 20:21:24,181] multiqc.modules.base_module                        [DEBUG  ]  fastqc/zip - Selecting './fastqc/raw/104974-001-002_S1_L001_1_fastqc.zip' as it matched the path_filters for 'FastQC (raw)'
[2024-09-01 20:21:24,305] multiqc.modules.base_module                        [DEBUG  ]  fastqc/zip - Selecting './fastqc/raw/104974-001-011_S1_L001_1_fastqc.zip' as it matched the path_filters for 'FastQC (raw)'
[2024-09-01 20:21:24,445] multiqc.modules.base_module                        [DEBUG  ]  fastqc/zip - Selecting './fastqc/raw/104974-001-016_S1_L001_1_fastqc.zip' as it matched the path_filters for 'FastQC (raw)'
[2024-09-01 20:21:24,583] multiqc.modules.base_module                        [DEBUG  ]  fastqc/zip - Selecting './fastqc/raw/104974-001-015_S1_L001_2_fastqc.zip' as it matched the path_filters for 'FastQC (raw)'
[2024-09-01 20:21:24,738] multiqc.modules.base_module                        [DEBUG  ]  fastqc/zip - Selecting './fastqc/raw/104974-001-010_S1_L001_2_fastqc.zip' as it matched the path_filters for 'FastQC (raw)'
[2024-09-01 20:21:24,862] multiqc.modules.base_module                        [DEBUG  ]  fastqc/zip - Selecting './fastqc/raw/104974-001-008_S1_L001_2_fastqc.zip' as it matched the path_filters for 'FastQC (raw)'
[2024-09-01 20:21:24,987] multiqc.modules.base_module                        [DEBUG  ]  fastqc/zip - Selecting './fastqc/raw/104974-001-004_S1_L001_1_fastqc.zip' as it matched the path_filters for 'FastQC (raw)'
[2024-09-01 20:21:25,135] multiqc.modules.base_module                        [DEBUG  ]  fastqc/zip - Selecting './fastqc/raw/104974-001-005_S1_L001_1_fastqc.zip' as it matched the path_filters for 'FastQC (raw)'
[2024-09-01 20:21:25,270] multiqc.modules.base_module                        [DEBUG  ]  fastqc/zip - Selecting './fastqc/raw/104974-001-007_S1_L001_2_fastqc.zip' as it matched the path_filters for 'FastQC (raw)'
[2024-09-01 20:21:25,399] multiqc.modules.base_module                        [DEBUG  ]  fastqc/zip - Selecting './fastqc/raw/104974-001-005_S1_L001_2_fastqc.zip' as it matched the path_filters for 'FastQC (raw)'
[2024-09-01 20:21:25,532] multiqc.modules.base_module                        [DEBUG  ]  fastqc/zip - Selecting './fastqc/raw/104974-001-007_S1_L001_1_fastqc.zip' as it matched the path_filters for 'FastQC (raw)'
[2024-09-01 20:21:25,658] multiqc.modules.base_module                        [DEBUG  ]  fastqc/zip - Selecting './fastqc/raw/104974-001-006_S1_L001_2_fastqc.zip' as it matched the path_filters for 'FastQC (raw)'
[2024-09-01 20:21:25,795] multiqc.modules.base_module                        [DEBUG  ]  fastqc/zip - Selecting './fastqc/raw/104974-001-006_S1_L001_1_fastqc.zip' as it matched the path_filters for 'FastQC (raw)'
[2024-09-01 20:21:25,948] multiqc.modules.base_module                        [DEBUG  ]  fastqc/zip - Selecting './fastqc/raw/104974-001-011_S1_L001_2_fastqc.zip' as it matched the path_filters for 'FastQC (raw)'
[2024-09-01 20:21:26,079] multiqc.modules.base_module                        [DEBUG  ]  fastqc/zip - Selecting './fastqc/raw/104974-001-004_S1_L001_2_fastqc.zip' as it matched the path_filters for 'FastQC (raw)'
[2024-09-01 20:21:26,243] multiqc.modules.base_module                        [DEBUG  ]  fastqc/zip - Selecting './fastqc/raw/104974-001-008_S1_L001_1_fastqc.zip' as it matched the path_filters for 'FastQC (raw)'
[2024-09-01 20:21:26,375] multiqc.modules.base_module                        [DEBUG  ]  fastqc/zip - Selecting './fastqc/raw/104974-001-001_S1_L001_1_fastqc.zip' as it matched the path_filters for 'FastQC (raw)'
[2024-09-01 20:21:26,501] multiqc.modules.base_module                        [DEBUG  ]  fastqc/zip - Selecting './fastqc/raw/104974-001-003_S1_L001_1_fastqc.zip' as it matched the path_filters for 'FastQC (raw)'
[2024-09-01 20:21:26,642] multiqc.modules.base_module                        [DEBUG  ]  fastqc/zip - Selecting './fastqc/raw/104974-001-009_S1_L001_2_fastqc.zip' as it matched the path_filters for 'FastQC (raw)'
[2024-09-01 20:21:26,773] multiqc.modules.base_module                        [DEBUG  ]  fastqc/zip - Selecting './fastqc/raw/104974-001-010_S1_L001_1_fastqc.zip' as it matched the path_filters for 'FastQC (raw)'
[2024-09-01 20:21:26,914] multiqc.modules.base_module                        [DEBUG  ]  fastqc/zip - Selecting './fastqc/raw/104974-001-002_S1_L001_2_fastqc.zip' as it matched the path_filters for 'FastQC (raw)'
[2024-09-01 20:21:27,044] multiqc.modules.base_module                        [DEBUG  ]  fastqc/zip - Selecting './fastqc/raw/104974-001-016_S1_L001_2_fastqc.zip' as it matched the path_filters for 'FastQC (raw)'
[2024-09-01 20:21:27,174] multiqc.modules.fastqc.fastqc                      [INFO   ]  Found 32 reports
[2024-09-01 20:21:40,232] multiqc.modules.cutadapt.cutadapt                  [INFO   ]  Found 32 reports
[2024-09-01 20:21:45,518] multiqc.modules.base_module                        [DEBUG  ]  fastqc/zip - Selecting './fastqc/trim/104974-001-003_S1_L001_1_val_1_fastqc.zip' as it matched the path_filters for 'FastQC (trimmed)'
[2024-09-01 20:21:45,753] multiqc.modules.base_module                        [DEBUG  ]  fastqc/zip - Selecting './fastqc/trim/104974-001-008_S1_L001_2_val_2_fastqc.zip' as it matched the path_filters for 'FastQC (trimmed)'
[2024-09-01 20:21:45,881] multiqc.modules.base_module                        [DEBUG  ]  fastqc/zip - Selecting './fastqc/trim/104974-001-004_S1_L001_2_val_2_fastqc.zip' as it matched the path_filters for 'FastQC (trimmed)'
[2024-09-01 20:21:46,010] multiqc.modules.base_module                        [DEBUG  ]  fastqc/zip - Selecting './fastqc/trim/104974-001-011_S1_L001_1_val_1_fastqc.zip' as it matched the path_filters for 'FastQC (trimmed)'
[2024-09-01 20:21:46,138] multiqc.modules.base_module                        [DEBUG  ]  fastqc/zip - Selecting './fastqc/trim/104974-001-001_S1_L001_2_val_2_fastqc.zip' as it matched the path_filters for 'FastQC (trimmed)'
[2024-09-01 20:21:46,276] multiqc.modules.base_module                        [DEBUG  ]  fastqc/zip - Selecting './fastqc/trim/104974-001-012_S1_L001_2_val_2_fastqc.zip' as it matched the path_filters for 'FastQC (trimmed)'
[2024-09-01 20:21:46,409] multiqc.modules.base_module                        [DEBUG  ]  fastqc/zip - Selecting './fastqc/trim/104974-001-006_S1_L001_1_val_1_fastqc.zip' as it matched the path_filters for 'FastQC (trimmed)'
[2024-09-01 20:21:46,552] multiqc.modules.base_module                        [DEBUG  ]  fastqc/zip - Selecting './fastqc/trim/104974-001-007_S1_L001_1_val_1_fastqc.zip' as it matched the path_filters for 'FastQC (trimmed)'
[2024-09-01 20:21:46,689] multiqc.modules.base_module                        [DEBUG  ]  fastqc/zip - Selecting './fastqc/trim/104974-001-002_S1_L001_1_val_1_fastqc.zip' as it matched the path_filters for 'FastQC (trimmed)'
[2024-09-01 20:21:46,816] multiqc.modules.base_module                        [DEBUG  ]  fastqc/zip - Selecting './fastqc/trim/104974-001-007_S1_L001_2_val_2_fastqc.zip' as it matched the path_filters for 'FastQC (trimmed)'
[2024-09-01 20:21:46,946] multiqc.modules.base_module                        [DEBUG  ]  fastqc/zip - Selecting './fastqc/trim/104974-001-015_S1_L001_2_val_2_fastqc.zip' as it matched the path_filters for 'FastQC (trimmed)'
[2024-09-01 20:21:47,086] multiqc.modules.base_module                        [DEBUG  ]  fastqc/zip - Selecting './fastqc/trim/104974-001-014_S1_L001_1_val_1_fastqc.zip' as it matched the path_filters for 'FastQC (trimmed)'
[2024-09-01 20:21:47,225] multiqc.modules.base_module                        [DEBUG  ]  fastqc/zip - Selecting './fastqc/trim/104974-001-015_S1_L001_1_val_1_fastqc.zip' as it matched the path_filters for 'FastQC (trimmed)'
[2024-09-01 20:21:47,380] multiqc.modules.base_module                        [DEBUG  ]  fastqc/zip - Selecting './fastqc/trim/104974-001-004_S1_L001_1_val_1_fastqc.zip' as it matched the path_filters for 'FastQC (trimmed)'
[2024-09-01 20:21:47,514] multiqc.modules.base_module                        [DEBUG  ]  fastqc/zip - Selecting './fastqc/trim/104974-001-005_S1_L001_2_val_2_fastqc.zip' as it matched the path_filters for 'FastQC (trimmed)'
[2024-09-01 20:21:47,641] multiqc.modules.base_module                        [DEBUG  ]  fastqc/zip - Selecting './fastqc/trim/104974-001-016_S1_L001_2_val_2_fastqc.zip' as it matched the path_filters for 'FastQC (trimmed)'
[2024-09-01 20:21:47,787] multiqc.modules.base_module                        [DEBUG  ]  fastqc/zip - Selecting './fastqc/trim/104974-001-014_S1_L001_2_val_2_fastqc.zip' as it matched the path_filters for 'FastQC (trimmed)'
[2024-09-01 20:21:47,915] multiqc.modules.base_module                        [DEBUG  ]  fastqc/zip - Selecting './fastqc/trim/104974-001-008_S1_L001_1_val_1_fastqc.zip' as it matched the path_filters for 'FastQC (trimmed)'
[2024-09-01 20:21:48,057] multiqc.modules.base_module                        [DEBUG  ]  fastqc/zip - Selecting './fastqc/trim/104974-001-005_S1_L001_1_val_1_fastqc.zip' as it matched the path_filters for 'FastQC (trimmed)'
[2024-09-01 20:21:48,205] multiqc.modules.base_module                        [DEBUG  ]  fastqc/zip - Selecting './fastqc/trim/104974-001-016_S1_L001_1_val_1_fastqc.zip' as it matched the path_filters for 'FastQC (trimmed)'
[2024-09-01 20:21:48,335] multiqc.modules.base_module                        [DEBUG  ]  fastqc/zip - Selecting './fastqc/trim/104974-001-006_S1_L001_2_val_2_fastqc.zip' as it matched the path_filters for 'FastQC (trimmed)'
[2024-09-01 20:21:48,484] multiqc.modules.base_module                        [DEBUG  ]  fastqc/zip - Selecting './fastqc/trim/104974-001-002_S1_L001_2_val_2_fastqc.zip' as it matched the path_filters for 'FastQC (trimmed)'
[2024-09-01 20:21:48,606] multiqc.modules.base_module                        [DEBUG  ]  fastqc/zip - Selecting './fastqc/trim/104974-001-013_S1_L001_1_val_1_fastqc.zip' as it matched the path_filters for 'FastQC (trimmed)'
[2024-09-01 20:21:48,750] multiqc.modules.base_module                        [DEBUG  ]  fastqc/zip - Selecting './fastqc/trim/104974-001-003_S1_L001_2_val_2_fastqc.zip' as it matched the path_filters for 'FastQC (trimmed)'
[2024-09-01 20:21:48,881] multiqc.modules.base_module                        [DEBUG  ]  fastqc/zip - Selecting './fastqc/trim/104974-001-012_S1_L001_1_val_1_fastqc.zip' as it matched the path_filters for 'FastQC (trimmed)'
[2024-09-01 20:21:49,034] multiqc.modules.base_module                        [DEBUG  ]  fastqc/zip - Selecting './fastqc/trim/104974-001-001_S1_L001_1_val_1_fastqc.zip' as it matched the path_filters for 'FastQC (trimmed)'
[2024-09-01 20:21:49,165] multiqc.modules.base_module                        [DEBUG  ]  fastqc/zip - Selecting './fastqc/trim/104974-001-013_S1_L001_2_val_2_fastqc.zip' as it matched the path_filters for 'FastQC (trimmed)'
[2024-09-01 20:21:49,298] multiqc.modules.base_module                        [DEBUG  ]  fastqc/zip - Selecting './fastqc/trim/104974-001-010_S1_L001_1_val_1_fastqc.zip' as it matched the path_filters for 'FastQC (trimmed)'
[2024-09-01 20:21:49,445] multiqc.modules.base_module                        [DEBUG  ]  fastqc/zip - Selecting './fastqc/trim/104974-001-009_S1_L001_2_val_2_fastqc.zip' as it matched the path_filters for 'FastQC (trimmed)'
[2024-09-01 20:21:49,571] multiqc.modules.base_module                        [DEBUG  ]  fastqc/zip - Selecting './fastqc/trim/104974-001-010_S1_L001_2_val_2_fastqc.zip' as it matched the path_filters for 'FastQC (trimmed)'
[2024-09-01 20:21:49,698] multiqc.modules.base_module                        [DEBUG  ]  fastqc/zip - Selecting './fastqc/trim/104974-001-011_S1_L001_2_val_2_fastqc.zip' as it matched the path_filters for 'FastQC (trimmed)'
[2024-09-01 20:21:49,829] multiqc.modules.base_module                        [DEBUG  ]  fastqc/zip - Selecting './fastqc/trim/104974-001-009_S1_L001_1_val_1_fastqc.zip' as it matched the path_filters for 'FastQC (trimmed)'
[2024-09-01 20:21:49,961] multiqc.modules.base_module                        [DEBUG  ]  fastqc/zip - Skipping './fastqc/raw/104974-001-014_S1_L001_1_fastqc.zip' as it didn't match the path_filters for 'FastQC (trimmed)'
[2024-09-01 20:21:49,961] multiqc.modules.base_module                        [DEBUG  ]  fastqc/zip - Skipping './fastqc/raw/104974-001-015_S1_L001_1_fastqc.zip' as it didn't match the path_filters for 'FastQC (trimmed)'
[2024-09-01 20:21:49,961] multiqc.modules.base_module                        [DEBUG  ]  fastqc/zip - Skipping './fastqc/raw/104974-001-014_S1_L001_2_fastqc.zip' as it didn't match the path_filters for 'FastQC (trimmed)'
[2024-09-01 20:21:49,961] multiqc.modules.base_module                        [DEBUG  ]  fastqc/zip - Skipping './fastqc/raw/104974-001-012_S1_L001_1_fastqc.zip' as it didn't match the path_filters for 'FastQC (trimmed)'
[2024-09-01 20:21:49,961] multiqc.modules.base_module                        [DEBUG  ]  fastqc/zip - Skipping './fastqc/raw/104974-001-013_S1_L001_2_fastqc.zip' as it didn't match the path_filters for 'FastQC (trimmed)'
[2024-09-01 20:21:49,961] multiqc.modules.base_module                        [DEBUG  ]  fastqc/zip - Skipping './fastqc/raw/104974-001-013_S1_L001_1_fastqc.zip' as it didn't match the path_filters for 'FastQC (trimmed)'
[2024-09-01 20:21:49,961] multiqc.modules.base_module                        [DEBUG  ]  fastqc/zip - Skipping './fastqc/raw/104974-001-012_S1_L001_2_fastqc.zip' as it didn't match the path_filters for 'FastQC (trimmed)'
[2024-09-01 20:21:49,961] multiqc.modules.base_module                        [DEBUG  ]  fastqc/zip - Skipping './fastqc/raw/104974-001-009_S1_L001_1_fastqc.zip' as it didn't match the path_filters for 'FastQC (trimmed)'
[2024-09-01 20:21:49,961] multiqc.modules.base_module                        [DEBUG  ]  fastqc/zip - Skipping './fastqc/raw/104974-001-003_S1_L001_2_fastqc.zip' as it didn't match the path_filters for 'FastQC (trimmed)'
[2024-09-01 20:21:49,961] multiqc.modules.base_module                        [DEBUG  ]  fastqc/zip - Skipping './fastqc/raw/104974-001-001_S1_L001_2_fastqc.zip' as it didn't match the path_filters for 'FastQC (trimmed)'
[2024-09-01 20:21:49,961] multiqc.modules.base_module                        [DEBUG  ]  fastqc/zip - Skipping './fastqc/raw/104974-001-002_S1_L001_1_fastqc.zip' as it didn't match the path_filters for 'FastQC (trimmed)'
[2024-09-01 20:21:49,961] multiqc.modules.base_module                        [DEBUG  ]  fastqc/zip - Skipping './fastqc/raw/104974-001-011_S1_L001_1_fastqc.zip' as it didn't match the path_filters for 'FastQC (trimmed)'
[2024-09-01 20:21:49,961] multiqc.modules.base_module                        [DEBUG  ]  fastqc/zip - Skipping './fastqc/raw/104974-001-016_S1_L001_1_fastqc.zip' as it didn't match the path_filters for 'FastQC (trimmed)'
[2024-09-01 20:21:49,961] multiqc.modules.base_module                        [DEBUG  ]  fastqc/zip - Skipping './fastqc/raw/104974-001-015_S1_L001_2_fastqc.zip' as it didn't match the path_filters for 'FastQC (trimmed)'
[2024-09-01 20:21:49,961] multiqc.modules.base_module                        [DEBUG  ]  fastqc/zip - Skipping './fastqc/raw/104974-001-010_S1_L001_2_fastqc.zip' as it didn't match the path_filters for 'FastQC (trimmed)'
[2024-09-01 20:21:49,961] multiqc.modules.base_module                        [DEBUG  ]  fastqc/zip - Skipping './fastqc/raw/104974-001-008_S1_L001_2_fastqc.zip' as it didn't match the path_filters for 'FastQC (trimmed)'
[2024-09-01 20:21:49,961] multiqc.modules.base_module                        [DEBUG  ]  fastqc/zip - Skipping './fastqc/raw/104974-001-004_S1_L001_1_fastqc.zip' as it didn't match the path_filters for 'FastQC (trimmed)'
[2024-09-01 20:21:49,961] multiqc.modules.base_module                        [DEBUG  ]  fastqc/zip - Skipping './fastqc/raw/104974-001-005_S1_L001_1_fastqc.zip' as it didn't match the path_filters for 'FastQC (trimmed)'
[2024-09-01 20:21:49,962] multiqc.modules.base_module                        [DEBUG  ]  fastqc/zip - Skipping './fastqc/raw/104974-001-007_S1_L001_2_fastqc.zip' as it didn't match the path_filters for 'FastQC (trimmed)'
[2024-09-01 20:21:49,962] multiqc.modules.base_module                        [DEBUG  ]  fastqc/zip - Skipping './fastqc/raw/104974-001-005_S1_L001_2_fastqc.zip' as it didn't match the path_filters for 'FastQC (trimmed)'
[2024-09-01 20:21:49,962] multiqc.modules.base_module                        [DEBUG  ]  fastqc/zip - Skipping './fastqc/raw/104974-001-007_S1_L001_1_fastqc.zip' as it didn't match the path_filters for 'FastQC (trimmed)'
[2024-09-01 20:21:49,962] multiqc.modules.base_module                        [DEBUG  ]  fastqc/zip - Skipping './fastqc/raw/104974-001-006_S1_L001_2_fastqc.zip' as it didn't match the path_filters for 'FastQC (trimmed)'
[2024-09-01 20:21:49,962] multiqc.modules.base_module                        [DEBUG  ]  fastqc/zip - Skipping './fastqc/raw/104974-001-006_S1_L001_1_fastqc.zip' as it didn't match the path_filters for 'FastQC (trimmed)'
[2024-09-01 20:21:49,962] multiqc.modules.base_module                        [DEBUG  ]  fastqc/zip - Skipping './fastqc/raw/104974-001-011_S1_L001_2_fastqc.zip' as it didn't match the path_filters for 'FastQC (trimmed)'
[2024-09-01 20:21:49,962] multiqc.modules.base_module                        [DEBUG  ]  fastqc/zip - Skipping './fastqc/raw/104974-001-004_S1_L001_2_fastqc.zip' as it didn't match the path_filters for 'FastQC (trimmed)'
[2024-09-01 20:21:49,962] multiqc.modules.base_module                        [DEBUG  ]  fastqc/zip - Skipping './fastqc/raw/104974-001-008_S1_L001_1_fastqc.zip' as it didn't match the path_filters for 'FastQC (trimmed)'
[2024-09-01 20:21:49,962] multiqc.modules.base_module                        [DEBUG  ]  fastqc/zip - Skipping './fastqc/raw/104974-001-001_S1_L001_1_fastqc.zip' as it didn't match the path_filters for 'FastQC (trimmed)'
[2024-09-01 20:21:49,962] multiqc.modules.base_module                        [DEBUG  ]  fastqc/zip - Skipping './fastqc/raw/104974-001-003_S1_L001_1_fastqc.zip' as it didn't match the path_filters for 'FastQC (trimmed)'
[2024-09-01 20:21:49,962] multiqc.modules.base_module                        [DEBUG  ]  fastqc/zip - Skipping './fastqc/raw/104974-001-009_S1_L001_2_fastqc.zip' as it didn't match the path_filters for 'FastQC (trimmed)'
[2024-09-01 20:21:49,962] multiqc.modules.base_module                        [DEBUG  ]  fastqc/zip - Skipping './fastqc/raw/104974-001-010_S1_L001_1_fastqc.zip' as it didn't match the path_filters for 'FastQC (trimmed)'
[2024-09-01 20:21:49,962] multiqc.modules.base_module                        [DEBUG  ]  fastqc/zip - Skipping './fastqc/raw/104974-001-002_S1_L001_2_fastqc.zip' as it didn't match the path_filters for 'FastQC (trimmed)'
[2024-09-01 20:21:49,962] multiqc.modules.base_module                        [DEBUG  ]  fastqc/zip - Skipping './fastqc/raw/104974-001-016_S1_L001_2_fastqc.zip' as it didn't match the path_filters for 'FastQC (trimmed)'
[2024-09-01 20:21:49,962] multiqc.modules.fastqc.fastqc                      [INFO   ]  Found 32 reports
[2024-09-01 20:22:02,540] multiqc.utils.software_versions                    [DEBUG  ]  Reading software versions from config.software_versions
[2024-09-01 20:22:02,540] multiqc                                            [DEBUG  ]  Reordering sections: anchor 'nf-core-rnaseq-methods-description' not found for module 'DupRadar'.
[2024-09-01 20:22:02,540] multiqc                                            [DEBUG  ]  Reordering sections: anchor 'software_versions' not found for module 'DupRadar'.
[2024-09-01 20:22:02,540] multiqc                                            [DEBUG  ]  Reordering sections: anchor 'nf-core-rnaseq-summary' not found for module 'DupRadar'.
[2024-09-01 20:22:02,540] multiqc                                            [DEBUG  ]  Reordering sections: anchor 'nf-core-rnaseq-methods-description' not found for module 'STAR_SALMON DESeq2 sample similarity'.
[2024-09-01 20:22:02,540] multiqc                                            [DEBUG  ]  Reordering sections: anchor 'software_versions' not found for module 'STAR_SALMON DESeq2 sample similarity'.
[2024-09-01 20:22:02,540] multiqc                                            [DEBUG  ]  Reordering sections: anchor 'nf-core-rnaseq-summary' not found for module 'STAR_SALMON DESeq2 sample similarity'.
[2024-09-01 20:22:02,541] multiqc                                            [DEBUG  ]  Reordering sections: anchor 'nf-core-rnaseq-methods-description' not found for module 'STAR_SALMON DESeq2 PCA plot'.
[2024-09-01 20:22:02,541] multiqc                                            [DEBUG  ]  Reordering sections: anchor 'software_versions' not found for module 'STAR_SALMON DESeq2 PCA plot'.
[2024-09-01 20:22:02,541] multiqc                                            [DEBUG  ]  Reordering sections: anchor 'nf-core-rnaseq-summary' not found for module 'STAR_SALMON DESeq2 PCA plot'.
[2024-09-01 20:22:02,541] multiqc                                            [DEBUG  ]  Reordering sections: anchor 'nf-core-rnaseq-methods-description' not found for module 'Picard'.
[2024-09-01 20:22:02,541] multiqc                                            [DEBUG  ]  Reordering sections: anchor 'software_versions' not found for module 'Picard'.
[2024-09-01 20:22:02,541] multiqc                                            [DEBUG  ]  Reordering sections: anchor 'nf-core-rnaseq-summary' not found for module 'Picard'.
[2024-09-01 20:22:02,541] multiqc                                            [DEBUG  ]  Reordering sections: anchor 'nf-core-rnaseq-methods-description' not found for module 'QualiMap'.
[2024-09-01 20:22:02,541] multiqc                                            [DEBUG  ]  Reordering sections: anchor 'software_versions' not found for module 'QualiMap'.
[2024-09-01 20:22:02,541] multiqc                                            [DEBUG  ]  Reordering sections: anchor 'nf-core-rnaseq-summary' not found for module 'QualiMap'.
[2024-09-01 20:22:02,541] multiqc                                            [DEBUG  ]  Reordering sections: anchor 'nf-core-rnaseq-methods-description' not found for module 'RSeQC'.
[2024-09-01 20:22:02,541] multiqc                                            [DEBUG  ]  Reordering sections: anchor 'software_versions' not found for module 'RSeQC'.
[2024-09-01 20:22:02,541] multiqc                                            [DEBUG  ]  Reordering sections: anchor 'nf-core-rnaseq-summary' not found for module 'RSeQC'.
[2024-09-01 20:22:02,541] multiqc                                            [DEBUG  ]  Reordering sections: anchor 'nf-core-rnaseq-methods-description' not found for module 'Samtools'.
[2024-09-01 20:22:02,541] multiqc                                            [DEBUG  ]  Reordering sections: anchor 'software_versions' not found for module 'Samtools'.
[2024-09-01 20:22:02,541] multiqc                                            [DEBUG  ]  Reordering sections: anchor 'nf-core-rnaseq-summary' not found for module 'Samtools'.
[2024-09-01 20:22:02,541] multiqc                                            [DEBUG  ]  Reordering sections: anchor 'nf-core-rnaseq-methods-description' not found for module 'STAR'.
[2024-09-01 20:22:02,541] multiqc                                            [DEBUG  ]  Reordering sections: anchor 'software_versions' not found for module 'STAR'.
[2024-09-01 20:22:02,541] multiqc                                            [DEBUG  ]  Reordering sections: anchor 'nf-core-rnaseq-summary' not found for module 'STAR'.
[2024-09-01 20:22:02,542] multiqc                                            [DEBUG  ]  Reordering sections: anchor 'nf-core-rnaseq-methods-description' not found for module 'FastQC (raw)'.
[2024-09-01 20:22:02,542] multiqc                                            [DEBUG  ]  Reordering sections: anchor 'software_versions' not found for module 'FastQC (raw)'.
[2024-09-01 20:22:02,542] multiqc                                            [DEBUG  ]  Reordering sections: anchor 'nf-core-rnaseq-summary' not found for module 'FastQC (raw)'.
[2024-09-01 20:22:02,542] multiqc                                            [DEBUG  ]  Reordering sections: anchor 'nf-core-rnaseq-methods-description' not found for module 'Cutadapt'.
[2024-09-01 20:22:02,542] multiqc                                            [DEBUG  ]  Reordering sections: anchor 'software_versions' not found for module 'Cutadapt'.
[2024-09-01 20:22:02,542] multiqc                                            [DEBUG  ]  Reordering sections: anchor 'nf-core-rnaseq-summary' not found for module 'Cutadapt'.
[2024-09-01 20:22:02,542] multiqc                                            [DEBUG  ]  Reordering sections: anchor 'nf-core-rnaseq-methods-description' not found for module 'FastQC (trimmed)'.
[2024-09-01 20:22:02,542] multiqc                                            [DEBUG  ]  Reordering sections: anchor 'software_versions' not found for module 'FastQC (trimmed)'.
[2024-09-01 20:22:02,542] multiqc                                            [DEBUG  ]  Reordering sections: anchor 'nf-core-rnaseq-summary' not found for module 'FastQC (trimmed)'.
[2024-09-01 20:22:02,542] multiqc                                            [DEBUG  ]  Reordering sections: anchor 'nf-core-rnaseq-methods-description' not found for module 'nf-core/rnaseq Methods Description'.
[2024-09-01 20:22:02,542] multiqc                                            [DEBUG  ]  Reordering sections: anchor 'software_versions' not found for module 'nf-core/rnaseq Methods Description'.
[2024-09-01 20:22:02,542] multiqc                                            [DEBUG  ]  Reordering sections: anchor 'nf-core-rnaseq-summary' not found for module 'nf-core/rnaseq Methods Description'.
[2024-09-01 20:22:02,542] multiqc                                            [DEBUG  ]  Reordering sections: anchor 'nf-core-rnaseq-methods-description' not found for module 'nf-core/rnaseq Software Versions'.
[2024-09-01 20:22:02,542] multiqc                                            [DEBUG  ]  Reordering sections: anchor 'software_versions' not found for module 'nf-core/rnaseq Software Versions'.
[2024-09-01 20:22:02,542] multiqc                                            [DEBUG  ]  Reordering sections: anchor 'nf-core-rnaseq-summary' not found for module 'nf-core/rnaseq Software Versions'.
[2024-09-01 20:22:02,542] multiqc                                            [DEBUG  ]  Reordering sections: anchor 'nf-core-rnaseq-methods-description' not found for module 'nf-core/rnaseq Workflow Summary'.
[2024-09-01 20:22:02,542] multiqc                                            [DEBUG  ]  Reordering sections: anchor 'software_versions' not found for module 'nf-core/rnaseq Workflow Summary'.
[2024-09-01 20:22:02,542] multiqc                                            [DEBUG  ]  Reordering sections: anchor 'nf-core-rnaseq-summary' not found for module 'nf-core/rnaseq Workflow Summary'.
[2024-09-01 20:22:02,690] multiqc                                            [DEBUG  ]  Compressing plot data
[2024-09-01 20:22:06,347] multiqc                                            [INFO   ]  Report      : multiqc_report.html
[2024-09-01 20:22:06,348] multiqc                                            [INFO   ]  Data        : multiqc_report_data
[2024-09-01 20:22:06,348] multiqc                                            [DEBUG  ]  Moving data file from '/tmp/tmpwoei7aqg/multiqc_data' to '/scratch/antwerpen/203/vsc20380/work/ae/7b8e940804b8fe32592c273f723604/multiqc_report_data'
[2024-09-01 20:22:06,868] multiqc                                            [DEBUG  ]  Full report path: /scratch/antwerpen/203/vsc20380/work/ae/7b8e940804b8fe32592c273f723604/multiqc_report.html
[2024-09-01 20:22:06,868] multiqc                                            [INFO   ]  Plots       : multiqc_report_plots
[2024-09-01 20:22:06,868] multiqc                                            [DEBUG  ]  Moving plots directory from '/tmp/tmpwoei7aqg/multiqc_plots' to '/scratch/antwerpen/203/vsc20380/work/ae/7b8e940804b8fe32592c273f723604/multiqc_report_plots'
[2024-09-01 20:22:08,525] multiqc                                            [INFO   ]  MultiQC complete
